i:\workspace\sip\c+11\c+11\x64\debug\vc140.pdb
i:\workspace\sip\c+11\c+11\x64\debug\vc140.idb
i:\workspace\sip\c+11\c+11\x64\debug\abstractmessage.obj
i:\workspace\sip\c+11\c+11\x64\debug\abstractmessageprocessor.obj
i:\workspace\sip\c+11\c+11\x64\debug\abstractsender.obj
i:\workspace\sip\c+11\c+11\x64\debug\main.obj
i:\workspace\sip\c+11\c+11\x64\debug\invitemessage.obj
i:\workspace\sip\c+11\c+11\x64\debug\messagefactory.obj
i:\workspace\sip\c+11\c+11\x64\debug\messageprocessor.obj
i:\workspace\sip\c+11\c+11\x64\debug\messagequeue.obj
i:\workspace\sip\c+11\c+11\x64\debug\registermessage.obj
i:\workspace\sip\c+11\c+11\x64\debug\sender.obj
i:\workspace\sip\c+11\c+11\x64\debug\sipuserserver.obj
i:\workspace\sip\c+11\c+11\x64\debug\stdafx.obj
i:\workspace\sip\c+11\c+11\x64\debug\tinystr.obj
i:\workspace\sip\c+11\c+11\x64\debug\tinyxml.obj
i:\workspace\sip\c+11\c+11\x64\debug\tinyxmlerror.obj
i:\workspace\sip\c+11\c+11\x64\debug\tinyxmlparser.obj
i:\workspace\sip\c+11\x64\debug\sipuuserserver.ilk
i:\workspace\sip\c+11\x64\debug\sipuuserserver.exe
i:\workspace\sip\c+11\x64\debug\sipuuserserver.pdb
i:\workspace\sip\c+11\c+11\x64\debug\c+11.obj
i:\workspace\sip\c+11\c+11\x64\debug\messagefactorycpp.obj
i:\workspace\sip\c+11\c+11\x64\debug\sipuuserserver.tlog\cl.command.1.tlog
i:\workspace\sip\c+11\c+11\x64\debug\sipuuserserver.tlog\cl.read.1.tlog
i:\workspace\sip\c+11\c+11\x64\debug\sipuuserserver.tlog\cl.write.1.tlog
i:\workspace\sip\c+11\c+11\x64\debug\sipuuserserver.tlog\link.command.1.tlog
i:\workspace\sip\c+11\c+11\x64\debug\sipuuserserver.tlog\link.read.1.tlog
i:\workspace\sip\c+11\c+11\x64\debug\sipuuserserver.tlog\link.write.1.tlog
